C51 COMPILER V9.60.7.0   BITBOARD                                                          12/22/2025 23:58:16 PAGE 1   


C51 COMPILER V9.60.7.0, COMPILATION OF MODULE BITBOARD
OBJECT MODULE PLACED IN .\Objects\bitboard.obj
COMPILER INVOKED BY: C:\Keil_v5\C51\BIN\C51.EXE src\bitboard.c OPTIMIZE(8,SPEED) BROWSE DEBUG OBJECTEXTEND PRINT(.\Listi
                    -ngs\bitboard.lst) TABS(2) OBJECT(.\Objects\bitboard.obj)

line level    source

   1          #include "bitboard.h"
   2          #include "types.h"
   3          
   4          // ===================================================================================
   5          // ============================= Board State Data ====================================
   6          // Reading Starts from a1 to e5
   7          // First bit is a1 (LSB)
   8          Bitboard xdata PolledBoard = {{0x1F, 0x1B, 0x04, 0x1F}};
   9          Bitboard xdata CurrentBoard = {{0xFF, 0xFF, 0xFF, 0xFF}};
  10          Bitboard xdata DiffMask = {{0x00, 0x00, 0x00, 0x00}};
  11          Bitboard xdata LeftMask = {{0x00, 0x00, 0x00, 0x00}};
  12          Bitboard xdata EnteredMask = {{0x00, 0x00, 0x00, 0x00}};
  13          Bitboard xdata board = {{0x1, 0x2, 0x3, 0x4}};// 0101 0101
  14          bit MATCH = 0;
  15          // ===================================================================================
  16          
  17          bit compare_boards(Bitboard *a, Bitboard *b) {
  18   1          U8 i;
  19   1          for (i = 0; i < 4; i++) {
  20   2              if (a->RANK[i] != b->RANK[i])
  21   2                  return 0;   // mismatch
  22   2          }
  23   1          return 1;           // all match
  24   1      }


MODULE INFORMATION:   STATIC OVERLAYABLE
   CODE SIZE        =     48    ----
   CONSTANT SIZE    =   ----    ----
   XDATA SIZE       =     24    ----
   PDATA SIZE       =   ----    ----
   DATA SIZE        =   ----       6
   IDATA SIZE       =   ----    ----
   BIT SIZE         =      1    ----
END OF MODULE INFORMATION.


C51 COMPILATION COMPLETE.  0 WARNING(S),  0 ERROR(S)
