C51 COMPILER V9.60.7.0   MAIN                                                              01/18/2026 04:02:47 PAGE 1   


C51 COMPILER V9.60.7.0, COMPILATION OF MODULE MAIN
OBJECT MODULE PLACED IN .\Objects\main.obj
COMPILER INVOKED BY: C:\Keil_v5\C51\BIN\C51.EXE src\main.c OPTIMIZE(9,SPEED) BROWSE DEBUG OBJECTEXTEND PRINT(.\Listings\
                    -main.lst) TABS(2) OBJECT(.\Objects\main.obj)

line level    source

   1          #include <REG52.H>
   2          
   3          
   4          // Local Headers
   5          #include "types.h"
   6          #include "helpers.h"
   7          #include "config.h"
   8          #include "hardware.h"
   9          #include "bitboard.h"
  10          #include "uart.h"
  11          #include "shift_registers.h"
  12          #include "tm_ssd.h"
  13          #include "interrupts.h"
  14          #include "move_gen.h"
  15              
  16              
  17          #define CLEAR_LEDS() set_leds(&ZeroBoard)
  18          #define CLEAR_LEGAL_MOVES() \
  19              LegalMoves.RANK[0] = 0; \
  20              LegalMoves.RANK[1] = 0; \
  21              LegalMoves.RANK[2] = 0; \
  22              LegalMoves.RANK[3] = 0
  23          
  24              
  25          bit JustEnteredState = 1;
  26          U8 CurrentMainState = TURNED_ON;
  27          U8 CurrentDetectionState = NONE;
  28          
  29          U8 ErrorFlashCount = 0;
  30          
  31          U8 DelayCounter = 0;
  32          
  33          int main(void) {
  34   1        
  35   1        uart_init();
  36   1        init_shift_reg();
  37   1        CLEAR_LEDS();
  38   1        
  39   1        TURN = WHITE;
  40   1        
  41   1        DelayCounter = 10;
  42   1        while (1) {
  43   2          
  44   2          if (rxPacketReady) process_rx_packet();
  45   2          if (txPacketReady) process_tx_packet();
  46   2          
  47   2          if (MOVE_RECEIVED) {
  48   3            
  49   3            EA = 0;  // Disable interrupts
  50   3            MOVE_RECEIVED = 0;
  51   3            EA = 1;  // Re-enable
  52   3            tm_display_digits(MoveSquares[1] + 9 + 1, MoveSquares[0] + 1, MoveSquares[3] + 9 + 1, MoveSquares[2] + 
             -1);
  53   3            CurrentMainState = AWAIT_MOVE_SET;
C51 COMPILER V9.60.7.0   MAIN                                                              01/18/2026 04:02:47 PAGE 2   

  54   3            JustEnteredState = 1;
  55   3          }
  56   2          
  57   2          
  58   2          if (DelayCounter > 0) DelayCounter--;
  59   2          switch (CurrentMainState) {
  60   3            
  61   3            case TURNED_ON:
  62   3              if (JustEnteredState) {
  63   4                JustEnteredState = 0;
  64   4                set_leds(&OneBoard);
  65   4              }
  66   3              
  67   3              if (CONNECTED) {
  68   4                JustEnteredState = 1;
  69   4                DelayCounter = 10;
  70   4                CurrentMainState = AWAIT_INITIAL_POSITION_SET;
  71   4              }
  72   3              break;
  73   3              
  74   3            // AWAIT_INITIAL_POSITION_SET STATE MANAGEMENT
  75   3            case AWAIT_INITIAL_POSITION_SET:
  76   3              
  77   3              if (JustEnteredState){
  78   4                if (LED_READY) {
  79   5                  JustEnteredState = 0;
  80   5                  LED_READY = 0;
  81   5                  CurrentBoard = DisplayBoardLEDs;
  82   5                  set_leds(&DisplayBoardLEDs);
  83   5                  DelayCounter = 2;
  84   5                }
  85   4                  break;
  86   4              }
  87   3              
  88   3              if (DelayCounter != 0) break;
  89   3      
  90   3              if (!read_and_verify_sensors()) {
  91   4                DelayCounter = 2;
  92   4                break;
  93   4              }
  94   3              MATCH = compare_boards(&CurrentBoard, &PolledBoard); 
  95   3              
  96   3              if (!MATCH) {
  97   4                DelayCounter = 2;
  98   4                break;
  99   4              }
 100   3              
 101   3              JustEnteredState = 1;
 102   3              CurrentMainState = DETECTING;
 103   3              break;
 104   3              
 105   3              
 106   3            case AWAIT_MOVE_SET:
 107   3              if (JustEnteredState) {
 108   4                  JustEnteredState = 0;
 109   4                  set_leds(&DisplayBoardLEDs);
 110   4                  DelayCounter = 2;
 111   4                  break;
 112   4              }
 113   3              
 114   3              if (DelayCounter != 0) break;
 115   3              
C51 COMPILER V9.60.7.0   MAIN                                                              01/18/2026 04:02:47 PAGE 3   

 116   3              // Try to read sensors
 117   3              if (!read_and_verify_sensors()) {
 118   4                  DelayCounter = 2;
 119   4                  break;
 120   4              }
 121   3              
 122   3              // Check if board matches expected position
 123   3              MATCH = compare_boards(&MoveBoard, &PolledBoard);
 124   3              
 125   3              if (MATCH) {
 126   4                  // Move completed successfully!
 127   4                  U8 FromRank, FromFile, ToRank, ToFile;
 128   4                  
 129   4                  // Extract move coordinates from MoveSquares
 130   4                  // MoveSquares format: [FromRank, FromFile, ToRank, ToFile]
 131   4                  FromRank = MoveSquares[0];
 132   4                  FromFile = MoveSquares[1];
 133   4                  ToRank = MoveSquares[2];
 134   4                  ToFile = MoveSquares[3];
 135   4                  
 136   4                  // Update king position if king moved
 137   4                  if ((BoardState[(FromRank << SHIFT) + FromFile] & TYPE_MASK) == TYPE_KING) {
 138   5                      KingSquares[TURN] = (ToRank << SHIFT) | ToFile;
 139   5                  }
 140   4                  
 141   4                  // Update BoardState array
 142   4                  BoardState[(ToRank << SHIFT) + ToFile] = BoardState[(FromRank << SHIFT) + FromFile];
 143   4                  BoardState[(FromRank << SHIFT) + FromFile] = EMPTY;
 144   4                  
 145   4                  // Update CurrentBoard to new position
 146   4                  CurrentBoard = MoveBoard;
 147   4                  
 148   4                  // Toggle turn
 149   4                  TURN = !TURN;
 150   4                  
 151   4                  // Clear LEDs
 152   4                  CLEAR_LEDS();
 153   4                  
 154   4                  if (is_game_over()) {
 155   5                    CurrentMainState = GAME_IS_OVER;
 156   5                    JustEnteredState = 1;
 157   5                    break;
 158   5                  }
 159   4                  
 160   4                  // Back to detecting
 161   4                  CurrentMainState = DETECTING;
 162   4                  CurrentDetectionState = NONE;
 163   4                  JustEnteredState = 1;
 164   4                  
 165   4                  break;
 166   4              }
 167   3              
 168   3              // Board doesn't match yet - keep waiting
 169   3              DelayCounter = 2;
 170   3              break;
 171   3            
 172   3            // DETECTION STATE MANAGEMENT
 173   3            case DETECTING:
 174   3              if (JustEnteredState) {
 175   4                JustEnteredState = 0;
 176   4                CLEAR_LEDS();
 177   4                DelayCounter = 2;
C51 COMPILER V9.60.7.0   MAIN                                                              01/18/2026 04:02:47 PAGE 4   

 178   4                
 179   4              }
 180   3              
 181   3              if (LED_READY) {
 182   4                LED_READY = 0;
 183   4                set_leds(&DisplayBoardLEDs);
 184   4                DelayCounter = 2;
 185   4              }
 186   3      
 187   3              if (DelayCounter != 0) break;
 188   3              
 189   3              if (!read_and_verify_sensors()) {
 190   4                    DelayCounter = 2;
 191   4                    break;
 192   4              }
 193   3                  
 194   3              MATCH = compare_boards(&CurrentBoard, &PolledBoard);
 195   3      
 196   3              if (!MATCH) {
 197   4                JustEnteredState = 1;
 198   4                CurrentMainState = CHANGE_DETECTED;
 199   4                break;
 200   4              }
 201   3              
 202   3              CLEAR_LEDS();
 203   3              switch (CurrentDetectionState) {
 204   4                case NONE:
 205   4                  break;
 206   4                  
 207   4                case LIFT:
 208   4                  // Check if piece returned to original square
 209   4                  get_left_entered(&CurrentBoard, &PolledBoard);
 210   4                  
 211   4                  if (get_bit_count(LeftMask) == 0 && get_bit_count(EnteredMask) == 0) {
 212   5                      // Boards match - piece was returned
 213   5                      U8 FromRank, FromFile;
 214   5                      
 215   5                      FromRank = (LiftedPieceSquare >> 4) & 0x0F;
 216   5                      FromFile = LiftedPieceSquare & 0x0F;
 217   5                      
 218   5                      // Verify piece is back on original square
 219   5                      if ((PolledBoard.RANK[FromRank] >> FromFile) & 1) {
 220   6                          CurrentDetectionState = NONE;
 221   6                          LiftedPieceSquare = 0;
 222   6                          CLEAR_LEDS();
 223   6                      } else {
 224   6                          // Boards match but piece not on original square - ERROR
 225   6                          CurrentMainState = ERROR_FLASH_ON;
 226   6                          CurrentDetectionState = NONE;
 227   6                          CLEAR_LEGAL_MOVES();
 228   6                      }
 229   5                  }
 230   4                  break;
 231   4              }
 232   3              
 233   3              DelayCounter = 2;
 234   3              break;
 235   3              
 236   3            // CHANGE_DETECTED STATE MANAGEMENT 
 237   3            case CHANGE_DETECTED:
 238   3              if (JustEnteredState) JustEnteredState = 0;
 239   3                
C51 COMPILER V9.60.7.0   MAIN                                                              01/18/2026 04:02:47 PAGE 5   

 240   3                get_left_entered(&CurrentBoard, &PolledBoard);
 241   3                
 242   3                switch (CurrentDetectionState){
 243   4      
 244   4                  case NONE:
 245   4                    if (get_bit_count(LeftMask) == 1 && get_bit_count(EnteredMask) == 0) {
 246   5                      U8 row, col;
 247   5                      bit found;
 248   5                      found = 0;
 249   5                      CurrentDetectionState = LIFT;
 250   5                      CurrentMainState = DETECTING;
 251   5                      JustEnteredState = 1;
 252   5                      for (row=0; row<BOARD_W; row++) {
 253   6                        if (found) break; for (col=0; col<BOARD_W; col++) {
 254   7                          if ((LeftMask.RANK[row] >> col) & 1) {
 255   8                            get_legal_moves((row << SHIFT) + col, &LegalMoves, 0);
 256   8                            DisplayBoardLEDs = LegalMoves;
 257   8                            LiftedPieceSquare = (row << 4) | col;
 258   8                            LED_READY = 1;
 259   8                            found = 1; 
 260   8                            break;
 261   8                          }
 262   7                        }
 263   6                      }
 264   5                      break;
 265   5                    }
 266   4                    CurrentMainState = ERROR_FLASH_ON;
 267   4                    break;
 268   4                    
 269   4                
 270   4                  case LIFT:
 271   4                    // Piece still lifted
 272   4                    if (get_bit_count(LeftMask) == 1 && get_bit_count(EnteredMask) == 0) {
 273   5                      CurrentMainState = DETECTING; 
 274   5                      break;
 275   5                      
 276   5                      // Capture in progress: removed opponent's piece while holding yours
 277   5                    } else if (get_bit_count(LeftMask) == 2 && get_bit_count(EnteredMask) == 0) {
 278   5                        bit valid_capture;
 279   5                        U8 i, j;
 280   5                        
 281   5                        valid_capture = 0;
 282   5                        
 283   5                        // Check if one of the left pieces is a legal capture square
 284   5                        for (i=0; i<BOARD_W; i++) {
 285   6                            for (j=0; j<BOARD_W; j++) {
 286   7                                if ((LeftMask.RANK[i] >> j) & 1) {
 287   8                                    // Skip the originally lifted piece
 288   8                                    if (((i<< SHIFT) + j) == (((LiftedPieceSquare >> 4) << SHIFT) + (LiftedPieceSquare & 0x0F))
             -) continue;
 289   8                                    
 290   8                                    // Check if this square is a legal capture
 291   8                                    if ((LegalMoves.RANK[i] >> j) & 1) {
 292   9                                        valid_capture = 1;
 293   9                                        break;
 294   9                                    }
 295   8                                }
 296   7                            }
 297   6                            if (valid_capture) break;
 298   6                        }
 299   5                        
 300   5                        if (!valid_capture) {
C51 COMPILER V9.60.7.0   MAIN                                                              01/18/2026 04:02:47 PAGE 6   

 301   6                            CurrentMainState = ERROR_FLASH_ON;
 302   6                            CurrentDetectionState = NONE;
 303   6                            CLEAR_LEGAL_MOVES();
 304   6                            break;
 305   6                        }
 306   5                        
 307   5                        // Valid capture - wait for piece to be placed
 308   5                        IntermediateBoard = PolledBoard;
 309   5                        CurrentDetectionState = CAPTURE_INTERMEDIATE;
 310   5                        CurrentMainState = DETECTING;
 311   5                        break;
 312   5                        
 313   5                    // Piece placed on new square, check if legal
 314   5                    } else if (get_bit_count(LeftMask) == 1 && get_bit_count(EnteredMask) == 1) {
 315   5                        bit legal;
 316   5                        U8 ToSquare;
 317   5                        U8 row, col;
 318   5                        
 319   5                        U8 FromRank, FromFile;
 320   5                        U8 ToRank, ToFile;
 321   5                        
 322   5                        ToSquare = 0;
 323   5                        legal = 0;
 324   5                        
 325   5                        for (row=0; row<BOARD_W; row++) {
 326   6                          if (EnteredMask.RANK[row] & LegalMoves.RANK[row]) {
 327   7                            for (col = 0; col<BOARD_W; col++) if ((EnteredMask.RANK[row] >> col) & 1) break;
 328   7                              ToSquare = (row << 4) | col;
 329   7                              legal = 1;
 330   7                              break;
 331   7                          }
 332   6                        }
 333   5                        
 334   5                        if (!legal) {
 335   6                          CurrentMainState = ERROR_FLASH_ON;
 336   6                          CurrentDetectionState = NONE;
 337   6                          CLEAR_LEGAL_MOVES();
 338   6                          break;
 339   6                        }
 340   5                        
 341   5                        FromRank = (LiftedPieceSquare >> 4) & 0x0F;
 342   5                        FromFile = (LiftedPieceSquare) & 0x0F;
 343   5                        
 344   5                        ToRank = (ToSquare >> 4) & 0x0F;
 345   5                        ToFile = (ToSquare) & 0x0F;
 346   5                        
 347   5                        if ((BoardState[(FromRank << SHIFT) + FromFile] & TYPE_MASK) == TYPE_KING) {
 348   6                          KingSquares[TURN] = (ToRank << SHIFT) | ToFile;
 349   6                        }
 350   5                        
 351   5                        
 352   5                        BoardState[(ToRank << SHIFT) + ToFile] = BoardState[(FromRank << SHIFT) + FromFile];
 353   5                        BoardState[(FromRank << SHIFT) + FromFile] = EMPTY;
 354   5                        
 355   5                        CurrentBoard.RANK[FromRank] &= ~(1 << FromFile);
 356   5                        CurrentBoard.RANK[ToRank] |= 1 << ToFile;
 357   5                        
 358   5                        // Toggle turn
 359   5                        TURN = !TURN;
 360   5                        
 361   5                        CurrentDetectionState = NONE;
 362   5                        CurrentMainState = DETECTING;
C51 COMPILER V9.60.7.0   MAIN                                                              01/18/2026 04:02:47 PAGE 7   

 363   5                        CLEAR_LEGAL_MOVES();
 364   5                        
 365   5                        txHeader = HEADER;
 366   5                        txType = MOVE_PACKET;
 367   5                        txLen = 0x02;
 368   5                        
 369   5                        txBuffer[0] = LiftedPieceSquare;
 370   5                        txBuffer[1] = ToSquare;
 371   5                        
 372   5                        txPacketReady = 1;
 373   5                        
 374   5                        if (is_game_over()) {
 375   6                          CurrentMainState = GAME_IS_OVER;
 376   6                          JustEnteredState = 1;
 377   6                          break;
 378   6                        }
 379   5                        
 380   5                        break;
 381   5                      
 382   5                      
 383   5                    } else {
 384   5                        CurrentMainState = DETECTING; 
 385   5                      break;
 386   5                    }
 387   4                    
 388   4                    
 389   4                  case CAPTURE_INTERMEDIATE:
 390   4                    get_left_entered(&IntermediateBoard, &PolledBoard);
 391   4                    // Waiting for captured piece to be placed on new square
 392   4                    if (get_bit_count(LeftMask) == 0 && get_bit_count(EnteredMask) == 1) {
 393   5                        bit legal;
 394   5                        U8 ToSquare;
 395   5                        U8 FromRank, FromFile;
 396   5                        U8 ToRank, ToFile;
 397   5                        U8 CapturedRank, CapturedFile;
 398   5                        U8 i, j;
 399   5                        
 400   5                        legal = 0;
 401   5                        
 402   5                        // Find where piece was placed
 403   5                        for (i=0; i<BOARD_W; i++) {
 404   6                            if (EnteredMask.RANK[i] & LegalMoves.RANK[i]) {
 405   7                                for (j = 0; j<BOARD_W; j++) {
 406   8                                    if ((EnteredMask.RANK[i] >> j) & 1) {
 407   9                                        ToSquare = (i << 4) | j;
 408   9                                        legal = 1;
 409   9                                        break;
 410   9                                    }
 411   8                                }
 412   7                                if (legal) break;
 413   7                            }
 414   6                        }
 415   5                        
 416   5                        if (!legal) {
 417   6                            CurrentMainState = ERROR_FLASH_ON;
 418   6                            CurrentDetectionState = NONE;
 419   6                            CLEAR_LEGAL_MOVES();
 420   6                            break;
 421   6                        }
 422   5                        
 423   5                        FromRank = (LiftedPieceSquare >> 4) & 0x0F;
 424   5                        FromFile = (LiftedPieceSquare) & 0x0F;
C51 COMPILER V9.60.7.0   MAIN                                                              01/18/2026 04:02:47 PAGE 8   

 425   5                        
 426   5                        ToRank = (ToSquare >> 4) & 0x0F;
 427   5                        ToFile = (ToSquare) & 0x0F;
 428   5                        
 429   5                        // Find captured piece square
 430   5                        for (i=0; i<BOARD_W; i++) {
 431   6                            for (j=0; j<BOARD_W; j++) {
 432   7                                if ((LeftMask.RANK[i] >> j) & 1) {
 433   8                                    if (((i<< SHIFT) + j) != ((FromRank << SHIFT) + FromFile)) {
 434   9                                        CapturedRank = i;
 435   9                                        CapturedFile = j;
 436   9                                        break;
 437   9                                    }
 438   8                                }
 439   7                            }
 440   6                        }
 441   5                        
 442   5                        // Update king position if king moved
 443   5                        if ((BoardState[(FromRank << SHIFT) + FromFile] & TYPE_MASK) == TYPE_KING) {
 444   6                            KingSquares[TURN] = (ToRank << SHIFT) | ToFile;
 445   6                        }
 446   5                        
 447   5                        // Update board state
 448   5                        BoardState[(ToRank << SHIFT) + ToFile] = BoardState[(FromRank << SHIFT) + FromFile];
 449   5                        BoardState[(FromRank << SHIFT) + FromFile] = EMPTY;
 450   5                        BoardState[(CapturedRank << SHIFT) + CapturedFile] = EMPTY;
 451   5                        
 452   5                        // Update current board bitboard
 453   5                        CurrentBoard.RANK[FromRank] &= ~(1 << FromFile);
 454   5                        CurrentBoard.RANK[CapturedRank] &= ~(1 << CapturedFile);
 455   5                        CurrentBoard.RANK[ToRank] |= 1 << ToFile;
 456   5                        
 457   5                        // Toggle turn
 458   5                        TURN = !TURN;
 459   5                        
 460   5                        CurrentDetectionState = NONE;
 461   5                        CurrentMainState = DETECTING;
 462   5                        CLEAR_LEGAL_MOVES();
 463   5                        
 464   5                        // Send move to host
 465   5                        txHeader = HEADER;
 466   5                        txType = MOVE_PACKET;
 467   5                        txLen = 0x02;
 468   5                        
 469   5                        txBuffer[0] = LiftedPieceSquare;
 470   5                        txBuffer[1] = ToSquare;
 471   5                        
 472   5                        txPacketReady = 1;
 473   5                        
 474   5                        if (is_game_over()) {
 475   6                          CurrentMainState = GAME_IS_OVER;
 476   6                          JustEnteredState = 1;
 477   6                          break;
 478   6                        }
 479   5                        
 480   5                        break;
 481   5                    }
 482   4                    
 483   4                    // Still in intermediate state
 484   4                    else if (get_bit_count(LeftMask) == 0 && get_bit_count(EnteredMask) == 0) {
 485   5                        CurrentMainState = DETECTING;
 486   5                        break;
C51 COMPILER V9.60.7.0   MAIN                                                              01/18/2026 04:02:47 PAGE 9   

 487   5                    }
 488   4                    
 489   4                    // Unexpected state
 490   4                    else {
 491   5                        CurrentMainState = ERROR_FLASH_ON;
 492   5                        CurrentDetectionState = NONE;
 493   5                        CLEAR_LEGAL_MOVES();
 494   5                        break;
 495   5                    }
 496   4                    
 497   4                    default:
 498   4                      // Should never reach here, but recover gracefully
 499   4                      CurrentMainState = ERROR_FLASH_ON;
 500   4                      CurrentDetectionState = NONE;
 501   4                      CLEAR_LEGAL_MOVES();
 502   4                      break;
 503   4                  }
 504   3            
 505   3              break;
 506   3              
 507   3            
 508   3            case GAME_IS_OVER:
 509   3              if (JustEnteredState) {
 510   4                JustEnteredState = 0;
 511   4                set_leds(&OneBoard);
 512   4              }
 513   3              break;
 514   3                      
 515   3                    
 516   3            case ERROR_FLASH_ON:
 517   3                if (JustEnteredState) {
 518   4                    JustEnteredState = 0;
 519   4                    set_leds(&OneBoard);  // All LEDs on = ERROR
 520   4                    ErrorFlashCount++;
 521   4                }
 522   3                
 523   3                if (DelayCounter != 0) break;
 524   3                
 525   3                if (ErrorFlashCount >= 6) {
 526   4                    ErrorFlashCount = 0;
 527   4                    
 528   4                    if (read_and_verify_sensors()) {
 529   5                        MATCH = compare_boards(&CurrentBoard, &PolledBoard);
 530   5                        
 531   5                        if (MATCH) {
 532   6                            // Board corrected!
 533   6                            CurrentMainState = DETECTING;
 534   6                            CurrentDetectionState = NONE;
 535   6                            CLEAR_LEDS();
 536   6                            JustEnteredState = 1;
 537   6                            DelayCounter = 10;
 538   6                            break;
 539   6                        }
 540   5                    }
 541   4                    
 542   4                    // Still wrong - show expected position
 543   4                    set_leds(&CurrentBoard);  // Show where pieces SHOULD be
 544   4                    DelayCounter = 50;  // Display for 500ms
 545   4                    ErrorFlashCount = 0;  // Reset to flash again
 546   4                    break;
 547   4                }
 548   3                
C51 COMPILER V9.60.7.0   MAIN                                                              01/18/2026 04:02:47 PAGE 10  

 549   3                CurrentMainState = ERROR_FLASH_OFF;
 550   3                DelayCounter = 10;
 551   3                JustEnteredState = 1;
 552   3                break;
 553   3      
 554   3            case ERROR_FLASH_OFF:
 555   3              if (JustEnteredState) {
 556   4                  JustEnteredState = 0;
 557   4                  CLEAR_LEDS();
 558   4              }
 559   3              
 560   3              if (DelayCounter != 0) break;
 561   3              CurrentMainState = ERROR_FLASH_ON;
 562   3              DelayCounter = 10;
 563   3              JustEnteredState = 1;
 564   3              break;
 565   3          
 566   3          
 567   3          }
 568   2          
 569   2          delay_ms(10);
 570   2        }
 571   1        
 572   1        //return 0;
 573   1      }
 574          


MODULE INFORMATION:   STATIC OVERLAYABLE
   CODE SIZE        =   1905    ----
   CONSTANT SIZE    =   ----    ----
   XDATA SIZE       =   ----    ----
   PDATA SIZE       =   ----    ----
   DATA SIZE        =      4       9
   IDATA SIZE       =   ----    ----
   BIT SIZE         =      1       1
END OF MODULE INFORMATION.


C51 COMPILATION COMPLETE.  0 WARNING(S),  0 ERROR(S)
