C51 COMPILER V9.60.7.0   SHIFT_REGISTERS                                                   01/27/2026 08:27:33 PAGE 1   


C51 COMPILER V9.60.7.0, COMPILATION OF MODULE SHIFT_REGISTERS
OBJECT MODULE PLACED IN .\Objects\shift_registers.obj
COMPILER INVOKED BY: C:\Keil_v5\C51\BIN\C51.EXE src\shift_registers.c OPTIMIZE(9,SPEED) BROWSE DEBUG OBJECTEXTEND PRINT(
                    -.\Listings\shift_registers.lst) TABS(2) OBJECT(.\Objects\shift_registers.obj)

line level    source

   1          #include "shift_registers.h"
   2          
   3          #include "types.h"
   4          #include "config.h"
   5          #include "hardware.h"
   6          #include "helpers.h"
   7          #include "tm_ssd.h"
   8          #include "bitboard.h"
   9          
  10          
  11          void get_left_entered(Bitboard *pos_board, Bitboard *new_board) {
  12   1        U8 i;
  13   1        for (i=0; i<BOARD_W; i++) {
  14   2          LeftMask.RANK[i] = pos_board->RANK[i] & (~new_board->RANK[i]);
  15   2          EnteredMask.RANK[i] = (~pos_board->RANK[i]) & new_board->RANK[i];
  16   2        }
  17   1      }
  18          
  19          
  20          bit read_and_verify_sensors(void) {
  21   1        Bitboard first, second;
  22   1        U8 attempts = 3;
  23   1        
  24   1        while (attempts--) {
  25   2              read_hall_effect_sensors(&first);
  26   2              delay_ms(5);
  27   2              read_hall_effect_sensors(&second);
  28   2      
  29   2              if (compare_boards(&first, &second)) {
  30   3                  PolledBoard = first;
  31   3                  return 1;
  32   3              }
  33   2          }
  34   1          return 0;
  35   1      }
  36          
  37          
  38          void read_hall_effect_sensors(Bitboard *board) {
  39   1        U8 i, j;
  40   1        U8 value;
  41   1        *board = ZeroBoard;
  42   1        
  43   1        CLK_ENABLE = 1;
  44   1        SHIFT_nLOAD = 0;
  45   1        tm_delay_us();
  46   1        SHIFT_nLOAD = 1;
  47   1        clock_gen_parallel();
  48   1        CLK_ENABLE = 0;
  49   1        
  50   1        
  51   1        for (i=0; i<4; i++) {
  52   2          for (j=0; j<4; j++){
  53   3            value = SERIAL_DATA_IN;
  54   3            value &= 1;
C51 COMPILER V9.60.7.0   SHIFT_REGISTERS                                                   01/27/2026 08:27:33 PAGE 2   

  55   3            board->RANK[j] |= ((!value) << i);
  56   3            clock_gen_parallel();
  57   3          }
  58   2        }
  59   1      
  60   1      #if BOARD_W == 8
                for (i=0; i<4; i++) {
                  for (j=0; j<4; j++){
                    value = SERIAL_DATA_IN;
                    value &= 1;
                    board->RANK[j+4] |= ((!value) << i);
                    clock_gen_parallel();
                  }
                }
                
                for (i=0; i<4; i++) {
                  for (j=0; j<4; j++){
                    value = SERIAL_DATA_IN;
                    value &= 1;
                    board->RANK[j+4] |= ((!value) << (i+4));
                    clock_gen_parallel();
                  }
                }
                
                for (i=0; i<4; i++) {
                  for (j=0; j<4; j++){
                    value = SERIAL_DATA_IN;
                    value &= 1;
                    board->RANK[j] |= ((!value) << (i+4));
                    clock_gen_parallel();
                  }
                }
              
              #endif
  89   1      }
  90          
  91          void set_leds(const Bitboard *to_light_up) {
  92   1        U8 i;
  93   1        
  94   1        U8 r0 = to_light_up->RANK[0];
  95   1        U8 r1 = to_light_up->RANK[1];
  96   1        U8 r2 = to_light_up->RANK[2];
  97   1        U8 r3 = to_light_up->RANK[3];
  98   1        
  99   1      #if BOARD_W == 8
                U8 r4 = to_light_up->RANK[4];
                U8 r5 = to_light_up->RANK[5];
                U8 r6 = to_light_up->RANK[6];
                U8 r7 = to_light_up->RANK[7];
              #endif
 105   1        
 106   1        MASTER_RESET = 0;
 107   1        clock_gen_serial();
 108   1        MASTER_RESET = 1;
 109   1        
 110   1        delay_ms(1);
 111   1        
 112   1        for (i = 0; i < BOARD_W; i++) {          // i = bit index (your (3-i))
 113   2          U8 shift = (U8)((BOARD_W-1) - i);
 114   2      
 115   2          SERIAL_DATA_OUT = (r3 >> shift) & 1; clock_gen_serial();
 116   2          SERIAL_DATA_OUT = (r2 >> shift) & 1; clock_gen_serial();
C51 COMPILER V9.60.7.0   SHIFT_REGISTERS                                                   01/27/2026 08:27:33 PAGE 3   

 117   2          SERIAL_DATA_OUT = (r1 >> shift) & 1; clock_gen_serial();
 118   2          SERIAL_DATA_OUT = (r0 >> shift) & 1; clock_gen_serial();
 119   2          
 120   2      #if BOARD_W == 8
                  SERIAL_DATA_OUT = (r4 >> shift) & 1; clock_gen_serial();
                  SERIAL_DATA_OUT = (r5 >> shift) & 1; clock_gen_serial();
                  SERIAL_DATA_OUT = (r6 >> shift) & 1; clock_gen_serial();
                  SERIAL_DATA_OUT = (r7 >> shift) & 1; clock_gen_serial();
              #endif
 126   2          
 127   2          }
 128   1        
 129   1          LATCH_RELEASE = 0;
 130   1          LATCH_RELEASE = 1;
 131   1          tm_delay_us();
 132   1          LATCH_RELEASE = 0;
 133   1      }
 134          
 135          
 136          void clock_gen_serial() {
 137   1        SERIAL_CLK = 1;
 138   1        tm_delay_us();
 139   1        SERIAL_CLK = 0;
 140   1      }
 141          void clock_gen_parallel() {
 142   1        PARALLEL_CLK = 1;
 143   1        tm_delay_us();
 144   1        PARALLEL_CLK = 0;
 145   1      }


MODULE INFORMATION:   STATIC OVERLAYABLE
   CODE SIZE        =    407    ----
   CONSTANT SIZE    =   ----    ----
   XDATA SIZE       =   ----    ----
   PDATA SIZE       =   ----    ----
   DATA SIZE        =   ----      26
   IDATA SIZE       =   ----    ----
   BIT SIZE         =   ----    ----
END OF MODULE INFORMATION.


C51 COMPILATION COMPLETE.  0 WARNING(S),  0 ERROR(S)
