C51 COMPILER V9.60.7.0   UART                                                              01/19/2026 02:57:11 PAGE 1   


C51 COMPILER V9.60.7.0, COMPILATION OF MODULE UART
OBJECT MODULE PLACED IN .\Objects\uart.obj
COMPILER INVOKED BY: C:\Keil_v5\C51\BIN\C51.EXE src\uart.c OPTIMIZE(9,SPEED) BROWSE DEBUG OBJECTEXTEND PRINT(.\Listings\
                    -uart.lst) TABS(2) OBJECT(.\Objects\uart.obj)

line level    source

   1          #include "uart.h"
   2          #include <REG52.H>
   3          #include "types.h"
   4          
   5          // ================================================================================
   6          // =========================UART Serial Management START===========================
   7          // ================================================================================
   8          
   9          volatile U8 xdata tx_buf[TX_BUF_SIZE];
  10          volatile U8 tx_head = 0;
  11          volatile U8 tx_tail = 0;
  12          volatile bit tx_busy = 0;
  13          
  14          
  15          void uart_init(void) {
  16   1          TMOD &= 0x0F;
  17   1          TMOD |= 0x20;
  18   1          TR1 = 1;
  19   1          TH1 = 0xFF; // was 0xFD for 9600
  20   1          SCON = 0x50;  
  21   1          PCON |= 0x80;   // SMOD = 1
  22   1          ES = 1;
  23   1          EA = 1;
  24   1      }
  25          
  26          void uart_send_byte(unsigned char c) {
  27   1        U8 next;
  28   1        
  29   1        next = (tx_head + 1) % TX_BUF_SIZE;
  30   1        if (next == tx_tail) return;
  31   1        
  32   1        tx_buf[tx_head] = c;
  33   1        tx_head = next;
  34   1      
  35   1        if (!tx_busy) {
  36   2            tx_busy = 1;
  37   2            SBUF = tx_buf[tx_tail];
  38   2            tx_tail = (tx_tail + 1) % TX_BUF_SIZE;
  39   2        }
  40   1      }
  41          
  42          // ===============================================================================
  43          // =========================UART Serial Management END============================
  44          // ===============================================================================


MODULE INFORMATION:   STATIC OVERLAYABLE
   CODE SIZE        =     76    ----
   CONSTANT SIZE    =   ----    ----
   XDATA SIZE       =      8    ----
   PDATA SIZE       =   ----    ----
   DATA SIZE        =      2    ----
   IDATA SIZE       =   ----    ----
   BIT SIZE         =      1    ----
C51 COMPILER V9.60.7.0   UART                                                              01/19/2026 02:57:11 PAGE 2   

END OF MODULE INFORMATION.


C51 COMPILATION COMPLETE.  0 WARNING(S),  0 ERROR(S)
